<?xml version="1.0" encoding="UTF-8"?>
<!-- Generated by org.testng.reporters.JUnitReportReporter -->
<testsuite hostname="DESKTOP-BKUHKFD" failures="0" tests="1" name="runners.TestNGRunner" time="35.177" errors="0" timestamp="2024-10-02T16:30:30 IST" skipped="0">
  <testcase classname="runners.TestNGRunner" name="runScenario" time="35.177"/>
</testsuite> <!-- runners.TestNGRunner -->
